<testsuite failures="0" name="src/test/java/FeatureFiles/readingCSVDDT.feature" skipped="0" tests="3" time="0.022356">
  <testcase classname="src.test.java.FeatureFiles.readingCSVDDT" name="CSV DDT Testing" time="0.008972">
    <system-out>* print "1, pratheep, 30, 1987" ........................................... passed
* def json1 = {"last_name" : pratheep} .................................... passed
* print json1 ............................................................. passed</system-out>
  </testcase>
  <testcase classname="src.test.java.FeatureFiles.readingCSVDDT" name="CSV DDT Testing" time="0.00518">
    <system-out>* print "1, pratheep, 30, 1987" ........................................... passed
* def json1 = {"last_name" : pratheep} .................................... passed
* print json1 ............................................................. passed
* print "2, raj, 32, 1985" ................................................ passed
* def json1 = {"last_name" : raj} ......................................... passed
* print json1 ............................................................. passed</system-out>
  </testcase>
  <testcase classname="src.test.java.FeatureFiles.readingCSVDDT" name="CSV DDT Testing" time="0.008203">
    <system-out>* print "1, pratheep, 30, 1987" ........................................... passed
* def json1 = {"last_name" : pratheep} .................................... passed
* print json1 ............................................................. passed
* print "2, raj, 32, 1985" ................................................ passed
* def json1 = {"last_name" : raj} ......................................... passed
* print json1 ............................................................. passed
* print "3, hari, 34, 1984" ............................................... passed
* def json1 = {"last_name" : hari} ........................................ passed
* print json1 ............................................................. passed</system-out>
  </testcase>
</testsuite>
