<testsuite failures="0" name="src/test/java/FeatureFiles/karate02.feature" skipped="0" tests="1" time="0.07033">
  <testcase classname="src.test.java.FeatureFiles.karate02" name="JSON Test case 02" time="0.07033">
    <system-out>Given def json = .......................................................... passed
* print json .............................................................. passed
Then assert json.id == "101" .............................................. passed
* assert json.tool.name == "Karate" ....................................... passed
* assert json.tool.version == "0.9.6" ..................................... passed
* match json.tool == { "name":"Karate", "version":"0.9.6"} ................ passed</system-out>
  </testcase>
</testsuite>
