<testsuite failures="0" name="src/test/java/FeatureFiles/karate10.feature" skipped="0" tests="1" time="0.863122">
  <testcase classname="src.test.java.FeatureFiles.karate10" name="URL and path test case 2" time="0.863122">
    <system-out>Given url "https://reqres.in" ............................................. passed
And path "/api/users" ..................................................... passed
And param page = 2 ........................................................ passed
When method get ........................................................... passed
Then status 200 ........................................................... passed
And match response.page == '##' ........................................... passed</system-out>
  </testcase>
</testsuite>
