<testsuite failures="0" name="src/test/java/FeatureFiles/writingResponseToFile.feature" skipped="0" tests="1" time="0.85032">
  <testcase classname="src.test.java.FeatureFiles.writingResponseToFile" name="Example1" time="0.85032">
    <system-out>* def lib = Java.type('misc.utils') ....................................... passed
Given url "https://reqres.in/api/users/2" ................................. passed
When method get ........................................................... passed
Then status 200 ........................................................... passed
* def res2 = get response $.data .......................................... passed
* lib.writeToFile("res2.json", res2) ...................................... passed
* def res2 = read("classpath:res2.json") .................................. passed
* print res1 .............................................................. passed
* print res2 .............................................................. passed
* print response.data.last_name ........................................... passed</system-out>
  </testcase>
</testsuite>
