<testsuite failures="0" name="FeatureFiles/karate12.feature" skipped="0" tests="1" time="0.015453">
  <testcase classname="FeatureFiles.karate12" name="Javascript function TC1" time="0.015453">
    <system-out>* def fn1 = function(){ return 123; } ..................................... passed
* def fn2 = ............................................................... passed
* print fn1() ............................................................. passed
* fn2("Mahi") ............................................................. passed</system-out>
  </testcase>
</testsuite>
