<testsuite failures="0" name="FeatureFiles/testFixtureExample.feature" skipped="0" tests="2" time="0.006096">
  <testcase classname="FeatureFiles.testFixtureExample" name="TC1" time="0.004592">
    <system-out>* print "Before Scenario" ................................................. passed
* configure afterFeature = ................................................ passed
* print "From TC1" ........................................................ passed</system-out>
  </testcase>
  <testcase classname="FeatureFiles.testFixtureExample" name="TC2" time="0.001504">
    <system-out>* print "Before Scenario" ................................................. passed
* configure afterFeature = ................................................ passed
* print "From TC1" ........................................................ passed
* print "Before Scenario" ................................................. passed
* configure afterFeature = ................................................ passed
* print "From TC2" ........................................................ passed</system-out>
  </testcase>
</testsuite>
