<testsuite failures="0" name="FeatureFiles/readingCSVDDT.feature" skipped="0" tests="3" time="0.008222">
  <testcase classname="FeatureFiles.readingCSVDDT" name="CSV DDT Testing" time="0.002749">
    <system-out>* print "1, Mahender, 33, 1987" ........................................... passed
* def json1 = {"last_name" : Mahender} .................................... passed
* print json1 ............................................................. passed</system-out>
  </testcase>
  <testcase classname="FeatureFiles.readingCSVDDT" name="CSV DDT Testing" time="0.00272">
    <system-out>* print "1, Mahender, 33, 1987" ........................................... passed
* def json1 = {"last_name" : Mahender} .................................... passed
* print json1 ............................................................. passed
* print "2, raj, 32, 1985" ................................................ passed
* def json1 = {"last_name" : raj} ......................................... passed
* print json1 ............................................................. passed</system-out>
  </testcase>
  <testcase classname="FeatureFiles.readingCSVDDT" name="CSV DDT Testing" time="0.002753">
    <system-out>* print "1, Mahender, 33, 1987" ........................................... passed
* def json1 = {"last_name" : Mahender} .................................... passed
* print json1 ............................................................. passed
* print "2, raj, 32, 1985" ................................................ passed
* def json1 = {"last_name" : raj} ......................................... passed
* print json1 ............................................................. passed
* print "3, hari, 34, 1984" ............................................... passed
* def json1 = {"last_name" : hari} ........................................ passed
* print json1 ............................................................. passed</system-out>
  </testcase>
</testsuite>
