<testsuite failures="0" name="FeatureFiles/karate01.feature" skipped="0" tests="3" time="0.021084">
  <testcase classname="FeatureFiles.karate01" name="Karate Test Case 01" time="0.013711">
    <system-out>Given def a = 10 .......................................................... passed
And def b = 20 ............................................................ passed
When def c = a + b ........................................................ passed
Then assert c == 30 ....................................................... passed
And print "c=", c ......................................................... passed
And karate.log("Test Ended") .............................................. passed</system-out>
  </testcase>
  <testcase classname="FeatureFiles.karate01" name="Karate Test Case 02" time="0.004243">
    <system-out>Given def a = 10 .......................................................... passed
And def b = 20 ............................................................ passed
When def c = a + b ........................................................ passed
Then assert c == 30 ....................................................... passed
And print "c=", c ......................................................... passed
And karate.log("Test Ended") .............................................. passed
Given def a = 50 .......................................................... passed
* def b = 20 .............................................................. passed
When def c = a + b ........................................................ passed
Then assert c == 70 ....................................................... passed
* print "c=", c ........................................................... passed
* karate.log("Test Ended") ................................................ passed</system-out>
  </testcase>
  <testcase classname="FeatureFiles.karate01" name="Karate Test Case 03" time="0.00313">
    <system-out>Given def a = 10 .......................................................... passed
And def b = 20 ............................................................ passed
When def c = a + b ........................................................ passed
Then assert c == 30 ....................................................... passed
And print "c=", c ......................................................... passed
And karate.log("Test Ended") .............................................. passed
Given def a = 50 .......................................................... passed
* def b = 20 .............................................................. passed
When def c = a + b ........................................................ passed
Then assert c == 70 ....................................................... passed
* print "c=", c ........................................................... passed
* karate.log("Test Ended") ................................................ passed
* def a = 50 .............................................................. passed
* def b = 50 .............................................................. passed
* def c = a + b ........................................................... passed
* assert c == 100 ......................................................... passed
* print "c=", c ........................................................... passed
* karate.log("Test Ended") ................................................ passed</system-out>
  </testcase>
</testsuite>
